[00:00:18] [Server thread/INFO]: DjGuetta11[/100.71.91.78:51796] logged in with entity id 87341 at (-681.0241645591431, 152.0, 15.736438019599026)
[00:00:18] [Server thread/INFO]: Syncing config to DjGuetta11 (02ab1a57-0edd-3713-9f58-15ec834d0062)
[00:00:18] [Server thread/INFO]: Loading config from file...
[00:00:18] [Server thread/INFO]: DjGuetta11 joined the game
[00:00:22] [Netty Epoll Server IO #6/INFO]: Priority overwritten for player DjGuetta11. Claiming: GRAVE / Robbing: INVENTORY
[00:01:07] [Server thread/INFO]: [Not Secure] <Santialpz> -499
[00:01:13] [Server thread/INFO]: [Not Secure] <Santialpz> 335
[00:01:20] [Server thread/INFO]: [Not Secure] <Santialpz> 112
[00:02:57] [Server thread/INFO]: [Not Secure] <Santialpz> -848
[00:03:04] [Server thread/INFO]: [Not Secure] <Santialpz> 606
[00:03:10] [Server thread/INFO]: [Not Secure] <Santialpz> 72
[00:03:31] [Server thread/INFO]: [Not Secure] <DjGuetta11> vendo huevos de dragon
[00:05:10] [Server thread/INFO]: Gindaz has made the advancement [Eh-eh-oh, eh-oh]
[00:06:08] [Server thread/INFO]: kevin2353hh claimed a grave belonging to kevin2353hh at -2617, -46, 2435, minecraft:overworld
[00:10:59] [Server thread/WARN]: Horse (vehicle of Gindaz) moved wrongly! 0.27560332648045005
[00:10:59] [Server thread/WARN]: Horse (vehicle of Gindaz) moved wrongly! 0.8371882719902715
[00:10:59] [Server thread/WARN]: Horse (vehicle of Gindaz) moved wrongly! 0.5505678330555384
[00:10:59] [Server thread/WARN]: Horse (vehicle of Gindaz) moved wrongly! 0.5632631271464561
[00:10:59] [Server thread/WARN]: Horse (vehicle of Gindaz) moved wrongly! 0.5700561258977359
[00:10:59] [Server thread/WARN]: Horse (vehicle of Gindaz) moved wrongly! 0.5736909240918067
[00:10:59] [Server thread/WARN]: Horse (vehicle of Gindaz) moved wrongly! 0.575635832135049
[00:10:59] [Server thread/WARN]: Horse (vehicle of Gindaz) moved wrongly! 0.5766765136522736
[00:10:59] [Server thread/WARN]: Horse (vehicle of Gindaz) moved wrongly! 0.5773212567623887
[00:10:59] [Server thread/WARN]: Horse (vehicle of Gindaz) moved wrongly! 0.5777553952416383
[00:10:59] [Server thread/WARN]: Horse (vehicle of Gindaz) moved wrongly! 0.5779876940860049
[00:11:00] [Server thread/WARN]: Horse (vehicle of Gindaz) moved wrongly! 0.5784394315510326
[00:11:00] [Server thread/WARN]: Horse (vehicle of Gindaz) moved wrongly! 0.5738394297486593
[00:11:00] [Server thread/WARN]: Horse (vehicle of Gindaz) moved wrongly! 0.562512470645288
[00:11:00] [Server thread/WARN]: Horse (vehicle of Gindaz) moved wrongly! 0.4863777778741678
[00:11:00] [Server thread/WARN]: Horse (vehicle of Gindaz) moved wrongly! 0.45512172621511127
[00:11:00] [Server thread/WARN]: Horse (vehicle of Gindaz) moved wrongly! 0.467583452962117
[00:11:00] [Server thread/WARN]: Horse (vehicle of Gindaz) moved wrongly! 0.4776296861859919
[00:11:00] [Server thread/WARN]: Horse (vehicle of Gindaz) moved wrongly! 0.4890068648051056
[00:11:00] [Server thread/WARN]: Horse (vehicle of Gindaz) moved wrongly! 0.5036077783774999
[00:11:00] [Server thread/WARN]: Horse (vehicle of Gindaz) moved wrongly! 0.5216551963007987
[00:11:00] [Server thread/WARN]: Horse (vehicle of Gindaz) moved wrongly! 0.4883536525294403
[00:12:09] [Server thread/WARN]: DjTwistfly moved too quickly! -10.020502763725517,-0.40428165266770577,1.5974992459423447
[00:12:40] [Server thread/INFO]: Gindaz has made the advancement [Source of Evil]
[00:13:02] [Worker-Main-3/WARN]: Tried to access a block entity before it was created. class_2338{x=-2256, y=10, z=-2225}
[00:14:11] [Server thread/WARN]: Horse (vehicle of Gindaz) moved wrongly! 0.42309303881302185
[00:14:11] [Server thread/WARN]: Horse (vehicle of Gindaz) moved wrongly! 0.6744344322401048
[00:14:11] [Server thread/WARN]: Horse (vehicle of Gindaz) moved wrongly! 0.8985806933578715
[00:14:13] [Worker-Main-10/WARN]: Tried to access a block entity before it was created. class_2338{x=-2324, y=32, z=-1969}
[00:14:27] [Server thread/WARN]: Can't keep up! Is the server overloaded? Running 2002ms or 40 ticks behind
[00:14:40] [Server thread/ERROR]: POI data mismatch: already registered at class_2338{x=-2365, y=-35, z=-2075}
[00:15:00] [Server thread/INFO]: MARAVILLA lost connection: Disconnected
[00:15:00] [Server thread/INFO]: MARAVILLA left the game
[00:15:04] [Server thread/INFO]: MARAVILLA[/100.123.118.39:53236] logged in with entity id 134158 at (-1052.4179959435646, 3.0, -3267.3858973939014)
[00:15:04] [Server thread/INFO]: Syncing config to MARAVILLA (6ac97a47-3a39-3751-b4fd-e7e9f31640f7)
[00:15:04] [Server thread/INFO]: Loading config from file...
[00:15:04] [Server thread/INFO]: MARAVILLA joined the game
[00:15:04] [Netty Epoll Server IO #0/INFO]: Priority overwritten for player MARAVILLA. Claiming: GRAVE / Robbing: INVENTORY
[00:15:14] [Server thread/ERROR]: POI data mismatch: already registered at class_2338{x=-2442, y=-49, z=-2054}
[00:15:19] [Netty Epoll Server IO #0/ERROR]: Exception occurred in netty pipeline
io.netty.channel.unix.Errors$NativeIoException: recvAddress(..) failed: Connection reset by peer
[00:15:19] [Netty Epoll Server IO #0/ERROR]: Twilight Forest: Exception occurred in netty pipeline
io.netty.channel.unix.Errors$NativeIoException: recvAddress(..) failed: Connection reset by peer
[00:15:19] [Server thread/INFO]: MARAVILLA lost connection: Disconnected
[00:15:19] [Server thread/INFO]: MARAVILLA left the game
[00:15:21] [Server thread/ERROR]: POI data mismatch: already registered at class_2338{x=-2458, y=3, z=-2108}
[00:15:21] [Server thread/ERROR]: POI data mismatch: already registered at class_2338{x=-2459, y=3, z=-2108}
[00:16:48] [Worker-Main-3/WARN]: Tried to access a block entity before it was created. class_2338{x=-2224, y=-52, z=-1626}
[00:16:59] [Server thread/WARN]: Horse (vehicle of Gindaz) moved wrongly! 0.2914744665586113
[00:17:00] [Server thread/WARN]: Horse (vehicle of Gindaz) moved wrongly! 0.5
[00:18:14] [pool-7-thread-1/INFO]: Searching for closest structure among [ResourceKey[minecraft:worldgen/structure / repurposed_structures:village_swamp], ResourceKey[minecraft:worldgen/structure / repurposed_structures:village_jungle], ResourceKey[minecraft:worldgen/structure / repurposed_structures:village_cherry], ResourceKey[minecraft:worldgen/structure / minecraft:village_savanna], ResourceKey[minecraft:worldgen/structure / minecraft:village_plains], ResourceKey[minecraft:worldgen/structure / repurposed_structures:village_mushroom], ResourceKey[minecraft:worldgen/structure / minecraft:village_taiga], ResourceKey[minecraft:worldgen/structure / repurposed_structures:village_ocean]] from pos class_2338{x=-2101, y=78, z=-1483}
[00:18:31] [Server thread/INFO]: MARAVILLA[/100.123.118.39:53345] logged in with entity id 141087 at (-1054.4910222481772, 1.0, -3274.491873308531)
[00:18:31] [Server thread/INFO]: Syncing config to MARAVILLA (6ac97a47-3a39-3751-b4fd-e7e9f31640f7)
[00:18:31] [Server thread/INFO]: Loading config from file...
[00:18:31] [Server thread/INFO]: MARAVILLA joined the game
[00:18:33] [Netty Epoll Server IO #4/INFO]: Priority overwritten for player MARAVILLA. Claiming: GRAVE / Robbing: INVENTORY
[00:18:59] [Server thread/WARN]: Horse (vehicle of Gindaz) moved wrongly! 0.2870056969622965
[00:18:59] [Server thread/WARN]: Horse (vehicle of Gindaz) moved wrongly! 0.7848155089320699
[00:18:59] [Server thread/WARN]: Horse (vehicle of Gindaz) moved wrongly! 1.2287623120412263
[00:20:14] [Server thread/WARN]: Horse (vehicle of Gindaz) moved wrongly! 0.3815361865219984
[00:20:32] [Server thread/WARN]: MARAVILLA moved wrongly!
[00:24:08] [Server thread/WARN]: Hippocampus (vehicle of DjTwistfly) moved wrongly! 0.2643965606338014
[00:24:10] [Server thread/WARN]: Hippocampus (vehicle of DjTwistfly) moved wrongly! 0.8496623080266613
[00:24:12] [Server thread/WARN]: Hippocampus (vehicle of DjTwistfly) moved wrongly! 1.0170715892402786
[00:24:12] [Server thread/WARN]: Hippocampus (vehicle of DjTwistfly) moved wrongly! 0.9329034790727434
[00:24:15] [Server thread/WARN]: Hippocampus (vehicle of DjTwistfly) moved wrongly! 1.0953927653135827
[00:24:17] [Server thread/WARN]: Hippocampus (vehicle of DjTwistfly) moved wrongly! 0.7150735030546708
[00:24:18] [Server thread/WARN]: Hippocampus (vehicle of DjTwistfly) moved wrongly! 0.7621438458567258
[00:24:18] [Server thread/WARN]: Hippocampus (vehicle of DjTwistfly) moved wrongly! 0.6227110420120674
[00:24:26] [Server thread/WARN]: Hippocampus (vehicle of DjTwistfly) moved wrongly! 0.26132690140002524
[00:24:26] [Server thread/WARN]: Hippocampus (vehicle of DjTwistfly) moved wrongly! 0.5270284659856088
[00:24:26] [Server thread/WARN]: Hippocampus (vehicle of DjTwistfly) moved wrongly! 0.7613772459500296
[00:24:26] [Server thread/WARN]: Hippocampus (vehicle of DjTwistfly) moved wrongly! 0.9680728698787107
[00:24:26] [Server thread/WARN]: Hippocampus (vehicle of DjTwistfly) moved wrongly! 1.1503784101837482
[00:24:26] [Server thread/WARN]: Hippocampus (vehicle of DjTwistfly) moved wrongly! 1.2985654088764704
[00:24:26] [Server thread/WARN]: Hippocampus (vehicle of DjTwistfly) moved wrongly! 1.44460551926295
[00:24:26] [Server thread/WARN]: Hippocampus (vehicle of DjTwistfly) moved wrongly! 1.5734128966238359
[00:24:26] [Server thread/WARN]: Hippocampus (vehicle of DjTwistfly) moved wrongly! 1.6595174729027349
[00:24:26] [Server thread/WARN]: Hippocampus (vehicle of DjTwistfly) moved wrongly! 1.7079581786273366
[00:24:26] [Server thread/WARN]: Hippocampus (vehicle of DjTwistfly) moved wrongly! 1.7229697692004038
[00:24:31] [Server thread/WARN]: Hippocampus (vehicle of DjTwistfly) moved wrongly! 0.34254309227844715
[00:24:31] [Server thread/WARN]: Hippocampus (vehicle of DjTwistfly) moved wrongly! 1.0984736128234545
[00:24:31] [Server thread/WARN]: Hippocampus (vehicle of DjTwistfly) moved wrongly! 0.35486488889728207
[00:24:53] [Server thread/WARN]: Can't keep up! Is the server overloaded? Running 2038ms or 40 ticks behind
[00:24:55] [Server thread/WARN]: kevin2353hh moved wrongly!
[00:26:26] [Server thread/WARN]: Hippocampus (vehicle of DjTwistfly) moved wrongly! 0.3379329976573083
[00:26:28] [Server thread/WARN]: Hippocampus (vehicle of DjTwistfly) moved wrongly! 0.9795248812065428
[00:26:57] [Server thread/INFO]: Gindaz has made the advancement [Free Willy]
[00:26:57] [Server thread/INFO]: Gindaz has made the advancement [Best Friends Forever]
[00:27:56] [Server thread/ERROR]: POI data mismatch: already registered at class_2338{x=-3065, y=-45, z=-1048}
[00:27:56] [Server thread/ERROR]: POI data mismatch: already registered at class_2338{x=-3064, y=-45, z=-1048}
[00:28:05] [Server thread/WARN]: Can't keep up! Is the server overloaded? Running 2002ms or 40 ticks behind
[00:28:29] [Server thread/ERROR]: POI data mismatch: already registered at class_2338{x=-3627, y=-26, z=-1033}
[00:28:51] [Server thread/WARN]: Hippocampus (vehicle of DjTwistfly) moved wrongly! 1.0945035701762853
[00:28:51] [Server thread/WARN]: Hippocampus (vehicle of DjTwistfly) moved wrongly! 0.9750000238418579
[00:28:51] [Server thread/WARN]: Hippocampus (vehicle of DjTwistfly) moved wrongly! 0.9753633279055975
[00:28:51] [Server thread/WARN]: Hippocampus (vehicle of DjTwistfly) moved wrongly! 0.9757266319693372
[00:28:51] [Server thread/WARN]: Hippocampus (vehicle of DjTwistfly) moved wrongly! 0.9760899360330768
[00:28:51] [Server thread/WARN]: Hippocampus (vehicle of DjTwistfly) moved wrongly! 0.9797229767182216
[00:28:51] [Server thread/WARN]: Hippocampus (vehicle of DjTwistfly) moved wrongly! 0.9833560174033664
[00:28:51] [Server thread/WARN]: Hippocampus (vehicle of DjTwistfly) moved wrongly! 0.9869890580885112
[00:28:51] [Server thread/WARN]: Hippocampus (vehicle of DjTwistfly) moved wrongly! 0.990622098773656
[00:28:56] [Server thread/WARN]: Hippocampus (vehicle of DjTwistfly) moved wrongly! 1.350602883173032
[00:28:56] [Server thread/WARN]: Hippocampus (vehicle of DjTwistfly) moved wrongly! 0.9750000238418579
[00:28:56] [Server thread/WARN]: Hippocampus (vehicle of DjTwistfly) moved wrongly! 0.9756650651938799
[00:28:56] [Server thread/WARN]: Hippocampus (vehicle of DjTwistfly) moved wrongly! 0.9823154788023203
[00:28:56] [Server thread/WARN]: Hippocampus (vehicle of DjTwistfly) moved wrongly! 0.9657560721203715
[00:28:58] [Server thread/WARN]: Hippocampus (vehicle of DjTwistfly) moved wrongly! 1.2895722936513507
[00:28:58] [Server thread/WARN]: Hippocampus (vehicle of DjTwistfly) moved wrongly! 0.9750000238418579
[00:28:58] [Server thread/WARN]: Hippocampus (vehicle of DjTwistfly) moved wrongly! 0.9866882802643886
[00:28:58] [Server thread/WARN]: Hippocampus (vehicle of DjTwistfly) moved wrongly! 1.0
[00:28:59] [Server thread/WARN]: Hippocampus (vehicle of DjTwistfly) moved wrongly! 1.0736729154183053
[00:28:59] [Server thread/WARN]: Hippocampus (vehicle of DjTwistfly) moved wrongly! 0.9750000238418579
[00:28:59] [Server thread/WARN]: Hippocampus (vehicle of DjTwistfly) moved wrongly! 0.9773233125692968
[00:28:59] [Server thread/WARN]: Hippocampus (vehicle of DjTwistfly) moved wrongly! 0.9798346713382671
[00:29:14] [Server thread/WARN]: Hippocampus (vehicle of Gindaz) moved wrongly! 0.7363469508743492
[00:29:14] [Server thread/WARN]: Hippocampus (vehicle of Gindaz) moved wrongly! 1.0
[00:29:14] [Server thread/WARN]: Hippocampus (vehicle of Gindaz) moved wrongly! 1.0
[00:29:16] [Server thread/WARN]: Hippocampus (vehicle of DjTwistfly) moved wrongly! 0.9563710345335962
[00:29:18] [Server thread/WARN]: Hippocampus (vehicle of Gindaz) moved wrongly! 0.9345216115852963
[00:29:18] [Server thread/WARN]: Hippocampus (vehicle of DjTwistfly) moved wrongly! 0.907308647075116
[00:29:24] [Server thread/WARN]: Hippocampus (vehicle of DjTwistfly) moved wrongly! 0.9753204833794537
[00:29:34] [Server thread/WARN]: Hippocampus (vehicle of DjTwistfly) moved wrongly! 0.5217653368879382
[00:29:55] [Server thread/INFO]: Named entity class_1576['Fisk of the Sand'/145660, l='ServerLevel[world]', x=-2598.94, y=-20.00, z=1926.50] died: Fisk of the Sand was slain by kevin2353hh
[00:31:32] [Server thread/INFO]: Named entity class_1613['Brog the Bulwark'/145477, l='ServerLevel[world]', x=-2643.09, y=-18.00, z=1891.84] died: Brog the Bulwark was slain by kevin2353hh
[00:31:55] [Server thread/INFO]: Named entity class_1564['Rumak the Dark'/144180, l='ServerLevel[world]', x=-1037.70, y=-21.00, z=-3156.70] died: Rumak the Dark was slain by MARAVILLA using [MARAVILLA]
[00:32:08] [Server thread/WARN]: Can't keep up! Is the server overloaded? Running 2189ms or 43 ticks behind
[00:32:49] [Server thread/WARN]: kevin2353hh moved wrongly!
[00:34:36] [Server thread/WARN]: DjTwistfly moved too quickly! 4.832083618821343,3.316851463124891,-8.287755198189643
[00:34:36] [Server thread/WARN]: Gindaz moved too quickly! 9.183308277422384,0.24918707874468282,-4.4405730984223055
[00:34:36] [Server thread/WARN]: Can't keep up! Is the server overloaded? Running 2921ms or 58 ticks behind
[00:38:38] [Server thread/WARN]: Can't keep up! Is the server overloaded? Running 2032ms or 40 ticks behind
